02/20/2023 10:27:05 AM: INFO: hello
02/20/2023 10:35:32 AM: INFO: Test Passed
02/20/2023 10:35:32 AM: INFO: Message After Click on Place Bet Button Bet has been placed successfully.
02/20/2023 10:35:32 AM: INFO: Wallet Amount And Exposure are Updated After Place Bet
02/20/2023 10:50:11 AM: ERROR: Test Failed
02/20/2023 10:50:11 AM: INFO: Message After Place Bet Bet has been placed successfully.
02/20/2023 10:50:11 AM: INFO: User Login With rocktest
02/20/2023 10:50:11 AM: INFO: Wallet Amount Before Place Bet 206720.84
02/20/2023 10:50:11 AM: INFO: Wallet Amount After Place Bet 206316.84
02/20/2023 10:50:11 AM: INFO: Bet Price 202
02/20/2023 10:50:11 AM: INFO: Exposure Before Place Bet 1010.0
02/20/2023 10:50:11 AM: INFO: Exposure After Place Bet 1414.0
02/20/2023 10:50:11 AM: INFO: 
02/20/2023 10:50:11 AM: INFO: ******************** Data From Dashboard Bet list ********************
02/20/2023 10:50:11 AM: INFO: Bet Place Team Name is India Women
02/20/2023 10:50:11 AM: INFO: Bet Place On Back
02/20/2023 10:50:11 AM: INFO: Bet Stake Amount is 202
02/20/2023 10:50:11 AM: INFO: P/L on Bet Place is 195.94
02/20/2023 10:50:24 AM: INFO: 
02/20/2023 10:50:24 AM: INFO: ******************** Data From Open Bet Report ********************
02/20/2023 10:50:24 AM: INFO: Bet Place Team Name In Open Bet Report is India Women
02/20/2023 10:50:24 AM: INFO: Bet Place Type In Open Bet Report is Back
02/20/2023 10:50:24 AM: INFO: Bet Stake Amount In Open Bet Report is 202
02/20/2023 10:50:24 AM: INFO: P/L On Bet Place In Open Bet Report is 195.94
02/20/2023 10:51:52 AM: ERROR: Test Failed
02/20/2023 10:51:52 AM: INFO: Message After Place Bet Bet has been placed successfully.
02/20/2023 10:51:52 AM: INFO: User Login With rocktest
02/20/2023 10:51:52 AM: INFO: Wallet Amount Before Place Bet 206316.84
02/20/2023 10:51:52 AM: INFO: Wallet Amount After Place Bet 205912.84
02/20/2023 10:51:52 AM: INFO: Bet Price 202
02/20/2023 10:51:52 AM: INFO: Exposure Before Place Bet 1414.0
02/20/2023 10:51:52 AM: INFO: Exposure After Place Bet 1818.0
02/20/2023 10:51:52 AM: INFO: 
02/20/2023 10:51:52 AM: INFO: ******************** Data From Dashboard Bet list ********************
02/20/2023 10:51:52 AM: INFO: Bet Place Team Name is India Women
02/20/2023 10:51:52 AM: INFO: Bet Place On Back
02/20/2023 10:51:52 AM: INFO: Bet Stake Amount is 202
02/20/2023 10:51:52 AM: INFO: P/L on Bet Place is 195.94
02/20/2023 10:51:58 AM: INFO: 
02/20/2023 10:51:58 AM: INFO: ******************** Data From Open Bet Report ********************
02/20/2023 10:51:58 AM: INFO: Bet Place Team Name In Open Bet Report is India Women
02/20/2023 10:51:58 AM: INFO: Bet Place Type In Open Bet Report is Back
02/20/2023 10:51:58 AM: INFO: Bet Stake Amount In Open Bet Report is 202
02/20/2023 10:51:58 AM: INFO: P/L On Bet Place In Open Bet Report is 195.94
02/20/2023 11:03:51 AM: INFO: Test Passed
02/20/2023 11:03:51 AM: INFO: Message After Click on Place Bet Button Bet has been placed successfully.
02/20/2023 11:03:51 AM: INFO: Wallet Amount And Exposure are Updated After Place Bet
02/20/2023 11:04:51 AM: INFO: Test Passed
02/20/2023 11:04:51 AM: INFO: Message After Click on Place Bet Button Bet has been placed successfully.
02/20/2023 11:04:51 AM: INFO: Wallet Amount And Exposure are Updated After Place Bet
02/20/2023 11:05:30 AM: INFO: Test Passed
02/20/2023 11:05:30 AM: INFO: Message After Click on Place Bet Button Bet has been placed successfully.
02/20/2023 11:05:30 AM: INFO: Wallet Amount And Exposure are Updated After Place Bet
02/20/2023 11:06:32 AM: INFO: Test Passed
02/20/2023 11:06:32 AM: INFO: Message After Click on Place Bet Button Bet has been placed successfully.
02/20/2023 11:06:32 AM: INFO: Wallet Amount And Exposure are Updated After Place Bet
02/20/2023 11:07:30 AM: INFO: Test Passed
02/20/2023 11:07:30 AM: INFO: Message After Click on Place Bet Button Bet has been placed successfully.
02/20/2023 11:07:30 AM: INFO: Wallet Amount And Exposure are Updated After Place Bet
02/20/2023 11:08:44 AM: INFO: Test Passed
02/20/2023 11:08:44 AM: INFO: Message After Click on Place Bet Button Bet has been placed successfully.
02/20/2023 11:08:44 AM: INFO: Wallet Amount And Exposure are Updated After Place Bet
02/20/2023 11:10:06 AM: INFO: Bet Not Place Message After PLace Bet The stake(s) you have entered are below the minimum 100.
02/20/2023 11:15:44 AM: INFO: No Matches Are Availale To Place Bet The stake(s) you have entered are below the minimum 100.
02/21/2023 11:32:22 AM: INFO: Test Passed
02/21/2023 11:32:22 AM: INFO: Message After Click on Place Bet Button Bet has been placed successfully.
02/21/2023 11:32:22 AM: INFO: Wallet Amount And Exposure are Updated After Place Bet
02/23/2023 10:35:39 AM: INFO: Test Passed
02/23/2023 10:35:39 AM: INFO: Message After Click on Place Bet Button Bet has been placed successfully.
02/23/2023 10:35:39 AM: INFO: Wallet Amount And Exposure are Updated After Place Bet
